E:\DROPBOX\VISUALSTUDIO\CHIMERA\TMP\CHIMERAX64DEBUG\VC110.PDB
E:\DROPBOX\VISUALSTUDIO\CHIMERA\TMP\CHIMERAX64DEBUG\GRAPHICSSETTINGS.OBJ
E:\DROPBOX\VISUALSTUDIO\CHIMERA\TMP\CHIMERAX64DEBUG\MAZE.OBJ
E:\DROPBOX\VISUALSTUDIO\CHIMERA\TMP\CHIMERAX64DEBUG\GAMEVIEW.OBJ
E:\DROPBOX\VISUALSTUDIO\CHIMERA\TMP\CHIMERAX64DEBUG\PACKMANLOGIC.OBJ
E:\DROPBOX\VISUALSTUDIO\CHIMERA\TMP\CHIMERAX64DEBUG\MAIN.OBJ
E:\DROPBOX\VISUALSTUDIO\CHIMERA\TMP\CHIMERAX64DEBUG\PICKER.OBJ
E:\DROPBOX\VISUALSTUDIO\CHIMERA\TMP\CHIMERAX64DEBUG\GAMEINPUTACTIONS.OBJ
E:\DROPBOX\VISUALSTUDIO\CHIMERA\TMP\CHIMERAX64DEBUG\PACKMAN.OBJ
E:\DROPBOX\VISUALSTUDIO\CHIMERA\TMP\CHIMERAX64DEBUG\BASICAPP.OBJ
E:\DROPBOX\VISUALSTUDIO\CHIMERA\TMP\CHIMERAX64DEBUG\SPOTLIGHTNODE.OBJ
E:\DROPBOX\VISUALSTUDIO\CHIMERA\TMP\CHIMERAX64DEBUG\LEVEL.OBJ
E:\DROPBOX\VISUALSTUDIO\CHIMERA\TMP\CHIMERAX64DEBUG\ACTORFACTORY.OBJ
E:\DROPBOX\VISUALSTUDIO\CHIMERA\TMP\CHIMERAX64DEBUG\CASCADEDSHADOWMAPPER.OBJ
E:\DROPBOX\VISUALSTUDIO\CHIMERA\TMP\CHIMERAX64DEBUG\CUDATRANSFORMATIONNODE.OBJ
E:\DROPBOX\VISUALSTUDIO\CHIMERA\TMP\CHIMERAX64DEBUG\GEOMETRYNODE.OBJ
E:\DROPBOX\VISUALSTUDIO\CHIMERA\TMP\CHIMERAX64DEBUG\PROCESS.OBJ
E:\DROPBOX\VISUALSTUDIO\CHIMERA\TMP\CHIMERAX64DEBUG\SCRIPT.OBJ
E:\DROPBOX\VISUALSTUDIO\CHIMERA\TMP\CHIMERAX64DEBUG\SOUNDPROCESS.OBJ
E:\DROPBOX\VISUALSTUDIO\CHIMERA\TMP\CHIMERAX64DEBUG\AIVIEW.OBJ
E:\DROPBOX\VISUALSTUDIO\CHIMERA\TMP\CHIMERAX64DEBUG\CAMERADEBUGNODE.OBJ
E:\DROPBOX\VISUALSTUDIO\CHIMERA\TMP\CHIMERAX64DEBUG\COMPONENTS.OBJ
E:\DROPBOX\VISUALSTUDIO\CHIMERA\TMP\CHIMERAX64DEBUG\PHYSICSSYSTEM.OBJ
E:\DROPBOX\VISUALSTUDIO\CHIMERA\TMP\CHIMERAX64DEBUG\SCENENODE.OBJ
E:\DROPBOX\VISUALSTUDIO\CHIMERA\TMP\CHIMERAX64DEBUG\ACTOR.OBJ
E:\DROPBOX\VISUALSTUDIO\CHIMERA\TMP\CHIMERAX64DEBUG\CONTROLLER.OBJ
E:\DROPBOX\VISUALSTUDIO\CHIMERA\TMP\CHIMERAX64DEBUG\GAMELOGIC.OBJ
E:\DROPBOX\VISUALSTUDIO\CHIMERA\TMP\CHIMERAX64DEBUG\INSTANCEDMESHNODE.OBJ
E:\DROPBOX\VISUALSTUDIO\CHIMERA\TMP\CHIMERAX64DEBUG\MESHNODE.OBJ
E:\DROPBOX\VISUALSTUDIO\CHIMERA\TMP\CHIMERAX64DEBUG\PARTICLENODE.OBJ
E:\DROPBOX\VISUALSTUDIO\CHIMERA\TMP\CHIMERAX64DEBUG\SCENEGRAPH.OBJ
E:\DROPBOX\VISUALSTUDIO\CHIMERA\TMP\CHIMERAX64DEBUG\SKYDOMENODE.OBJ
E:\DROPBOX\VISUALSTUDIO\CHIMERA\TMP\CHIMERAX64DEBUG\ANCHORNODE.OBJ
E:\DROPBOX\VISUALSTUDIO\CHIMERA\TMP\CHIMERAX64DEBUG\COMMANDS.OBJ
E:\DROPBOX\VISUALSTUDIO\CHIMERA\TMP\CHIMERAX64DEBUG\MODIFIER.OBJ
E:\DROPBOX\VISUALSTUDIO\CHIMERA\TMP\CHIMERAX64DEBUG\POINTLIGHTNODE.OBJ
E:\DROPBOX\VISUALSTUDIO\CHIMERA\TMP\CHIMERAX64DEBUG\SOUNDENGINE.OBJ
E:\DROPBOX\VISUALSTUDIO\CHIMERA\TMP\CHIMERAX64DEBUG\TBDFONT.OBJ
E:\DROPBOX\VISUALSTUDIO\CHIMERA\TMP\CHIMERAX64DEBUG\GAMEAPP.OBJ
E:\DROPBOX\VISUALSTUDIO\CHIMERA\TMP\CHIMERAX64DEBUG\D3D.OBJ
E:\DROPBOX\VISUALSTUDIO\CHIMERA\TMP\CHIMERAX64DEBUG\CAMERA.OBJ
E:\DROPBOX\VISUALSTUDIO\CHIMERA\TMP\CHIMERAX64DEBUG\FPSCONTROLER.OBJ
E:\DROPBOX\VISUALSTUDIO\CHIMERA\TMP\CHIMERAX64DEBUG\GEOMETRY.OBJ
E:\DROPBOX\VISUALSTUDIO\CHIMERA\TMP\CHIMERAX64DEBUG\GUICOMPONENT.OBJ
E:\DROPBOX\VISUALSTUDIO\CHIMERA\TMP\CHIMERAX64DEBUG\MATVEC.OBJ
E:\DROPBOX\VISUALSTUDIO\CHIMERA\TMP\CHIMERAX64DEBUG\PARTICLESYSTEM.OBJ
E:\DROPBOX\VISUALSTUDIO\CHIMERA\TMP\CHIMERAX64DEBUG\SCREENELEMENT.OBJ
E:\DROPBOX\VISUALSTUDIO\CHIMERA\TMP\CHIMERAX64DEBUG\VRAMMANAGER.OBJ
E:\DROPBOX\VISUALSTUDIO\CHIMERA\TMP\CHIMERAX64DEBUG\CONSTBUFFER.OBJ
E:\DROPBOX\VISUALSTUDIO\CHIMERA\TMP\CHIMERAX64DEBUG\D3DRENDERER.OBJ
E:\DROPBOX\VISUALSTUDIO\CHIMERA\TMP\CHIMERAX64DEBUG\LOADERIMP.OBJ
E:\DROPBOX\VISUALSTUDIO\CHIMERA\TMP\CHIMERAX64DEBUG\MESH.OBJ
E:\DROPBOX\VISUALSTUDIO\CHIMERA\TMP\CHIMERAX64DEBUG\RESOURCES.OBJ
E:\DROPBOX\VISUALSTUDIO\CHIMERA\TMP\CHIMERAX64DEBUG\SHADERPROGRAM.OBJ
E:\DROPBOX\VISUALSTUDIO\CHIMERA\TMP\CHIMERAX64DEBUG\FRUSTUM.OBJ
E:\DROPBOX\VISUALSTUDIO\CHIMERA\TMP\CHIMERAX64DEBUG\AXISALIGNEDBB.OBJ
E:\DROPBOX\VISUALSTUDIO\CHIMERA\TMP\CHIMERAX64DEBUG\CAMERATRACKING.OBJ
E:\DROPBOX\VISUALSTUDIO\CHIMERA\TMP\CHIMERAX64DEBUG\EFFECT.OBJ
E:\DROPBOX\VISUALSTUDIO\CHIMERA\TMP\CHIMERAX64DEBUG\GEOMETRYFACTORY.OBJ
E:\DROPBOX\VISUALSTUDIO\CHIMERA\TMP\CHIMERAX64DEBUG\PARTICLEMANAGER.OBJ
E:\DROPBOX\VISUALSTUDIO\CHIMERA\BIN\X64DEBUG\CHIMERAX64DEBUG.ILK
E:\DROPBOX\VISUALSTUDIO\CHIMERA\BIN\X64DEBUG\CHIMERAX64DEBUG.EXE
E:\DROPBOX\VISUALSTUDIO\CHIMERA\BIN\X64DEBUG\CHIMERAX64DEBUG.PDB
E:\DROPBOX\VISUALSTUDIO\CHIMERA\TMP\CHIMERAX64DEBUG\CHIMERA.RES
E:\Dropbox\VisualStudio\Chimera\Tmp\Chimerax64Debug\Particles.cu.cache
E:\Dropbox\VisualStudio\Chimera\Tmp\Chimerax64Debug\Actor.obj
E:\Dropbox\VisualStudio\Chimera\Tmp\Chimerax64Debug\ActorFactory.obj
E:\Dropbox\VisualStudio\Chimera\Tmp\Chimerax64Debug\AIView.obj
E:\Dropbox\VisualStudio\Chimera\Tmp\Chimerax64Debug\AnchorNode.obj
E:\Dropbox\VisualStudio\Chimera\Tmp\Chimerax64Debug\AxisAlignedBB.obj
E:\Dropbox\VisualStudio\Chimera\Tmp\Chimerax64Debug\BasicApp.obj
E:\Dropbox\VisualStudio\Chimera\Tmp\Chimerax64Debug\ByteStream.obj
E:\Dropbox\VisualStudio\Chimera\Tmp\Chimerax64Debug\Camera.obj
E:\Dropbox\VisualStudio\Chimera\Tmp\Chimerax64Debug\CameraDebugNode.obj
E:\Dropbox\VisualStudio\Chimera\Tmp\Chimerax64Debug\CameraTracking.obj
E:\Dropbox\VisualStudio\Chimera\Tmp\Chimerax64Debug\CascadedShadowMapper.obj
E:\Dropbox\VisualStudio\Chimera\Tmp\Chimerax64Debug\Commands.obj
E:\Dropbox\VisualStudio\Chimera\Tmp\Chimerax64Debug\Components.obj
E:\Dropbox\VisualStudio\Chimera\Tmp\Chimerax64Debug\Config.obj
E:\Dropbox\VisualStudio\Chimera\Tmp\Chimerax64Debug\ConstBuffer.obj
E:\Dropbox\VisualStudio\Chimera\Tmp\Chimerax64Debug\Controller.obj
E:\Dropbox\VisualStudio\Chimera\Tmp\Chimerax64Debug\Cudah.obj
E:\Dropbox\VisualStudio\Chimera\Tmp\Chimerax64Debug\CudaTransformationNode.obj
E:\Dropbox\VisualStudio\Chimera\Tmp\Chimerax64Debug\d3d.obj
E:\Dropbox\VisualStudio\Chimera\Tmp\Chimerax64Debug\D3DRenderer.obj
E:\Dropbox\VisualStudio\Chimera\Tmp\Chimerax64Debug\Effect.obj
E:\Dropbox\VisualStudio\Chimera\Tmp\Chimerax64Debug\Event.obj
E:\Dropbox\VisualStudio\Chimera\Tmp\Chimerax64Debug\EventManager.obj
E:\Dropbox\VisualStudio\Chimera\Tmp\Chimerax64Debug\FPSControler.obj
E:\Dropbox\VisualStudio\Chimera\Tmp\Chimerax64Debug\Frustum.obj
E:\Dropbox\VisualStudio\Chimera\Tmp\Chimerax64Debug\GameApp.obj
E:\Dropbox\VisualStudio\Chimera\Tmp\Chimerax64Debug\GameInputActions.obj
E:\Dropbox\VisualStudio\Chimera\Tmp\Chimerax64Debug\GameLogic.obj
E:\Dropbox\VisualStudio\Chimera\Tmp\Chimerax64Debug\GameView.obj
E:\Dropbox\VisualStudio\Chimera\Tmp\Chimerax64Debug\Geometry.obj
E:\Dropbox\VisualStudio\Chimera\Tmp\Chimerax64Debug\GeometryFactory.obj
E:\Dropbox\VisualStudio\Chimera\Tmp\Chimerax64Debug\GeometryNode.obj
E:\Dropbox\VisualStudio\Chimera\Tmp\Chimerax64Debug\GraphicsSettings.obj
E:\Dropbox\VisualStudio\Chimera\Tmp\Chimerax64Debug\GuiComponent.obj
E:\Dropbox\VisualStudio\Chimera\Tmp\Chimerax64Debug\Input.obj
E:\Dropbox\VisualStudio\Chimera\Tmp\Chimerax64Debug\InstancedMeshNode.obj
E:\Dropbox\VisualStudio\Chimera\Tmp\Chimerax64Debug\Level.obj
E:\Dropbox\VisualStudio\Chimera\Tmp\Chimerax64Debug\LoaderImp.obj
E:\Dropbox\VisualStudio\Chimera\Tmp\Chimerax64Debug\Logger.obj
E:\Dropbox\VisualStudio\Chimera\Tmp\Chimerax64Debug\LuaHelper.obj
E:\Dropbox\VisualStudio\Chimera\Tmp\Chimerax64Debug\Main.obj
E:\Dropbox\VisualStudio\Chimera\Tmp\Chimerax64Debug\Material.obj
E:\Dropbox\VisualStudio\Chimera\Tmp\Chimerax64Debug\MatVec.obj
E:\Dropbox\VisualStudio\Chimera\Tmp\Chimerax64Debug\Maze.obj
E:\Dropbox\VisualStudio\Chimera\Tmp\Chimerax64Debug\Mesh.obj
E:\Dropbox\VisualStudio\Chimera\Tmp\Chimerax64Debug\MeshNode.obj
E:\Dropbox\VisualStudio\Chimera\Tmp\Chimerax64Debug\Modifier.obj
E:\Dropbox\VisualStudio\Chimera\Tmp\Chimerax64Debug\Packman.obj
E:\Dropbox\VisualStudio\Chimera\Tmp\Chimerax64Debug\PackmanLogic.obj
E:\Dropbox\VisualStudio\Chimera\Tmp\Chimerax64Debug\ParticleManager.obj
E:\Dropbox\VisualStudio\Chimera\Tmp\Chimerax64Debug\ParticleNode.obj
E:\Dropbox\VisualStudio\Chimera\Tmp\Chimerax64Debug\ParticleSystem.obj
E:\Dropbox\VisualStudio\Chimera\Tmp\Chimerax64Debug\PhysicsSystem.obj
E:\Dropbox\VisualStudio\Chimera\Tmp\Chimerax64Debug\Picker.obj
E:\Dropbox\VisualStudio\Chimera\Tmp\Chimerax64Debug\PointlightNode.obj
E:\Dropbox\VisualStudio\Chimera\Tmp\Chimerax64Debug\Process.obj
E:\Dropbox\VisualStudio\Chimera\Tmp\Chimerax64Debug\ProcessManager.obj
E:\Dropbox\VisualStudio\Chimera\Tmp\Chimerax64Debug\Profiling.obj
E:\Dropbox\VisualStudio\Chimera\Tmp\Chimerax64Debug\RenderTarget.obj
E:\Dropbox\VisualStudio\Chimera\Tmp\Chimerax64Debug\Resources.obj
E:\Dropbox\VisualStudio\Chimera\Tmp\Chimerax64Debug\SceneGraph.obj
E:\Dropbox\VisualStudio\Chimera\Tmp\Chimerax64Debug\SceneNode.obj
E:\Dropbox\VisualStudio\Chimera\Tmp\Chimerax64Debug\Scheduler.obj
E:\Dropbox\VisualStudio\Chimera\Tmp\Chimerax64Debug\ScreenElement.obj
E:\Dropbox\VisualStudio\Chimera\Tmp\Chimerax64Debug\Script.obj
E:\Dropbox\VisualStudio\Chimera\Tmp\Chimerax64Debug\ScriptEvent.obj
E:\Dropbox\VisualStudio\Chimera\Tmp\Chimerax64Debug\ShaderProgram.obj
E:\Dropbox\VisualStudio\Chimera\Tmp\Chimerax64Debug\SkyDomeNode.obj
E:\Dropbox\VisualStudio\Chimera\Tmp\Chimerax64Debug\Sound.obj
E:\Dropbox\VisualStudio\Chimera\Tmp\Chimerax64Debug\SoundEngine.obj
E:\Dropbox\VisualStudio\Chimera\Tmp\Chimerax64Debug\SoundProcess.obj
E:\Dropbox\VisualStudio\Chimera\Tmp\Chimerax64Debug\Spline.obj
E:\Dropbox\VisualStudio\Chimera\Tmp\Chimerax64Debug\SpotlightNode.obj
E:\Dropbox\VisualStudio\Chimera\Tmp\Chimerax64Debug\tbdFont.obj
E:\Dropbox\VisualStudio\Chimera\Tmp\Chimerax64Debug\tbdStack.obj
E:\Dropbox\VisualStudio\Chimera\Tmp\Chimerax64Debug\Texture.obj
E:\Dropbox\VisualStudio\Chimera\Tmp\Chimerax64Debug\Thread.obj
E:\Dropbox\VisualStudio\Chimera\Tmp\Chimerax64Debug\Timer.obj
E:\Dropbox\VisualStudio\Chimera\Tmp\Chimerax64Debug\tinyxml2.obj
E:\Dropbox\VisualStudio\Chimera\Tmp\Chimerax64Debug\util.obj
E:\Dropbox\VisualStudio\Chimera\Tmp\Chimerax64Debug\VRamManager.obj
E:\Dropbox\VisualStudio\Chimera\Tmp\Chimerax64Debug\CL.1508.read.1.tlog
E:\Dropbox\VisualStudio\Chimera\Tmp\Chimerax64Debug\CL.1508.write.1.tlog
E:\Dropbox\VisualStudio\Chimera\Tmp\Chimerax64Debug\CL.1956.read.1.tlog
E:\Dropbox\VisualStudio\Chimera\Tmp\Chimerax64Debug\CL.1956.write.1.tlog
E:\Dropbox\VisualStudio\Chimera\Tmp\Chimerax64Debug\CL.2108.read.1.tlog
E:\Dropbox\VisualStudio\Chimera\Tmp\Chimerax64Debug\CL.2108.write.1.tlog
E:\Dropbox\VisualStudio\Chimera\Tmp\Chimerax64Debug\CL.2172.read.1.tlog
E:\Dropbox\VisualStudio\Chimera\Tmp\Chimerax64Debug\CL.2172.write.1.tlog
E:\Dropbox\VisualStudio\Chimera\Tmp\Chimerax64Debug\CL.2360.read.1.tlog
E:\Dropbox\VisualStudio\Chimera\Tmp\Chimerax64Debug\CL.2360.write.1.tlog
E:\Dropbox\VisualStudio\Chimera\Tmp\Chimerax64Debug\CL.2372.read.1.tlog
E:\Dropbox\VisualStudio\Chimera\Tmp\Chimerax64Debug\CL.2372.write.1.tlog
E:\Dropbox\VisualStudio\Chimera\Tmp\Chimerax64Debug\CL.2444.read.1.tlog
E:\Dropbox\VisualStudio\Chimera\Tmp\Chimerax64Debug\CL.2444.write.1.tlog
E:\Dropbox\VisualStudio\Chimera\Tmp\Chimerax64Debug\CL.2540.read.1.tlog
E:\Dropbox\VisualStudio\Chimera\Tmp\Chimerax64Debug\CL.2540.write.1.tlog
E:\Dropbox\VisualStudio\Chimera\Tmp\Chimerax64Debug\CL.2744.read.1.tlog
E:\Dropbox\VisualStudio\Chimera\Tmp\Chimerax64Debug\CL.2744.write.1.tlog
E:\Dropbox\VisualStudio\Chimera\Tmp\Chimerax64Debug\CL.2800.read.1.tlog
E:\Dropbox\VisualStudio\Chimera\Tmp\Chimerax64Debug\CL.2800.write.1.tlog
E:\Dropbox\VisualStudio\Chimera\Tmp\Chimerax64Debug\CL.3048.read.1.tlog
E:\Dropbox\VisualStudio\Chimera\Tmp\Chimerax64Debug\CL.3048.write.1.tlog
E:\Dropbox\VisualStudio\Chimera\Tmp\Chimerax64Debug\CL.3244.read.1.tlog
E:\Dropbox\VisualStudio\Chimera\Tmp\Chimerax64Debug\CL.3244.write.1.tlog
E:\Dropbox\VisualStudio\Chimera\Tmp\Chimerax64Debug\CL.3260.read.1.tlog
E:\Dropbox\VisualStudio\Chimera\Tmp\Chimerax64Debug\CL.3260.write.1.tlog
E:\Dropbox\VisualStudio\Chimera\Tmp\Chimerax64Debug\CL.3276.read.1.tlog
E:\Dropbox\VisualStudio\Chimera\Tmp\Chimerax64Debug\CL.3276.write.1.tlog
E:\Dropbox\VisualStudio\Chimera\Tmp\Chimerax64Debug\CL.3320.read.1.tlog
E:\Dropbox\VisualStudio\Chimera\Tmp\Chimerax64Debug\CL.3320.write.1.tlog
E:\Dropbox\VisualStudio\Chimera\Tmp\Chimerax64Debug\CL.3624.read.1.tlog
E:\Dropbox\VisualStudio\Chimera\Tmp\Chimerax64Debug\CL.3624.write.1.tlog
E:\Dropbox\VisualStudio\Chimera\Tmp\Chimerax64Debug\CL.3744.read.1.tlog
E:\Dropbox\VisualStudio\Chimera\Tmp\Chimerax64Debug\CL.3744.write.1.tlog
E:\Dropbox\VisualStudio\Chimera\Tmp\Chimerax64Debug\CL.3940.read.1.tlog
E:\Dropbox\VisualStudio\Chimera\Tmp\Chimerax64Debug\CL.3940.write.1.tlog
E:\Dropbox\VisualStudio\Chimera\Tmp\Chimerax64Debug\CL.4064.read.1.tlog
E:\Dropbox\VisualStudio\Chimera\Tmp\Chimerax64Debug\CL.4064.write.1.tlog
E:\Dropbox\VisualStudio\Chimera\Tmp\Chimerax64Debug\CL.4088.read.1.tlog
E:\Dropbox\VisualStudio\Chimera\Tmp\Chimerax64Debug\CL.4088.write.1.tlog
E:\Dropbox\VisualStudio\Chimera\Tmp\Chimerax64Debug\CL.4140.read.1.tlog
E:\Dropbox\VisualStudio\Chimera\Tmp\Chimerax64Debug\CL.4140.write.1.tlog
E:\Dropbox\VisualStudio\Chimera\Tmp\Chimerax64Debug\CL.4204.read.1.tlog
E:\Dropbox\VisualStudio\Chimera\Tmp\Chimerax64Debug\CL.4204.write.1.tlog
E:\Dropbox\VisualStudio\Chimera\Tmp\Chimerax64Debug\CL.4216.read.1.tlog
E:\Dropbox\VisualStudio\Chimera\Tmp\Chimerax64Debug\CL.4216.write.1.tlog
E:\Dropbox\VisualStudio\Chimera\Tmp\Chimerax64Debug\CL.4336.read.1.tlog
E:\Dropbox\VisualStudio\Chimera\Tmp\Chimerax64Debug\CL.4336.write.1.tlog
E:\Dropbox\VisualStudio\Chimera\Tmp\Chimerax64Debug\CL.4444.read.1.tlog
E:\Dropbox\VisualStudio\Chimera\Tmp\Chimerax64Debug\CL.4444.write.1.tlog
E:\Dropbox\VisualStudio\Chimera\Tmp\Chimerax64Debug\CL.4456.read.1.tlog
E:\Dropbox\VisualStudio\Chimera\Tmp\Chimerax64Debug\CL.4456.write.1.tlog
E:\Dropbox\VisualStudio\Chimera\Tmp\Chimerax64Debug\CL.4664.read.1.tlog
E:\Dropbox\VisualStudio\Chimera\Tmp\Chimerax64Debug\CL.4664.write.1.tlog
E:\Dropbox\VisualStudio\Chimera\Tmp\Chimerax64Debug\CL.4932.read.1.tlog
E:\Dropbox\VisualStudio\Chimera\Tmp\Chimerax64Debug\CL.4932.write.1.tlog
E:\Dropbox\VisualStudio\Chimera\Tmp\Chimerax64Debug\CL.5036.read.1.tlog
E:\Dropbox\VisualStudio\Chimera\Tmp\Chimerax64Debug\CL.5036.write.1.tlog
E:\Dropbox\VisualStudio\Chimera\Tmp\Chimerax64Debug\CL.5044.read.1.tlog
E:\Dropbox\VisualStudio\Chimera\Tmp\Chimerax64Debug\CL.5044.write.1.tlog
E:\Dropbox\VisualStudio\Chimera\Tmp\Chimerax64Debug\CL.5124.read.1.tlog
E:\Dropbox\VisualStudio\Chimera\Tmp\Chimerax64Debug\CL.5124.write.1.tlog
E:\Dropbox\VisualStudio\Chimera\Tmp\Chimerax64Debug\CL.5268.read.1.tlog
E:\Dropbox\VisualStudio\Chimera\Tmp\Chimerax64Debug\CL.5268.write.1.tlog
E:\Dropbox\VisualStudio\Chimera\Tmp\Chimerax64Debug\CL.5324.read.1.tlog
E:\Dropbox\VisualStudio\Chimera\Tmp\Chimerax64Debug\CL.5324.write.1.tlog
E:\Dropbox\VisualStudio\Chimera\Tmp\Chimerax64Debug\CL.5340.read.1.tlog
E:\Dropbox\VisualStudio\Chimera\Tmp\Chimerax64Debug\CL.5340.write.1.tlog
E:\Dropbox\VisualStudio\Chimera\Tmp\Chimerax64Debug\CL.5440.read.1.tlog
E:\Dropbox\VisualStudio\Chimera\Tmp\Chimerax64Debug\CL.5440.write.1.tlog
E:\Dropbox\VisualStudio\Chimera\Tmp\Chimerax64Debug\CL.5496.read.1.tlog
E:\Dropbox\VisualStudio\Chimera\Tmp\Chimerax64Debug\CL.5496.write.1.tlog
E:\Dropbox\VisualStudio\Chimera\Tmp\Chimerax64Debug\CL.5504.read.1.tlog
E:\Dropbox\VisualStudio\Chimera\Tmp\Chimerax64Debug\CL.5504.write.1.tlog
E:\Dropbox\VisualStudio\Chimera\Tmp\Chimerax64Debug\CL.5516.read.1.tlog
E:\Dropbox\VisualStudio\Chimera\Tmp\Chimerax64Debug\CL.5516.write.1.tlog
E:\Dropbox\VisualStudio\Chimera\Tmp\Chimerax64Debug\CL.5528.read.1.tlog
E:\Dropbox\VisualStudio\Chimera\Tmp\Chimerax64Debug\CL.5528.write.1.tlog
E:\Dropbox\VisualStudio\Chimera\Tmp\Chimerax64Debug\CL.5556.read.1.tlog
E:\Dropbox\VisualStudio\Chimera\Tmp\Chimerax64Debug\CL.5556.write.1.tlog
E:\Dropbox\VisualStudio\Chimera\Tmp\Chimerax64Debug\CL.5680.read.1.tlog
E:\Dropbox\VisualStudio\Chimera\Tmp\Chimerax64Debug\CL.5680.write.1.tlog
E:\Dropbox\VisualStudio\Chimera\Tmp\Chimerax64Debug\CL.5752.read.1.tlog
E:\Dropbox\VisualStudio\Chimera\Tmp\Chimerax64Debug\CL.5752.write.1.tlog
E:\Dropbox\VisualStudio\Chimera\Tmp\Chimerax64Debug\CL.5784.read.1.tlog
E:\Dropbox\VisualStudio\Chimera\Tmp\Chimerax64Debug\CL.5784.write.1.tlog
E:\Dropbox\VisualStudio\Chimera\Tmp\Chimerax64Debug\CL.5900.read.1.tlog
E:\Dropbox\VisualStudio\Chimera\Tmp\Chimerax64Debug\CL.5900.write.1.tlog
E:\Dropbox\VisualStudio\Chimera\Tmp\Chimerax64Debug\CL.5916.read.1.tlog
E:\Dropbox\VisualStudio\Chimera\Tmp\Chimerax64Debug\CL.5916.write.1.tlog
E:\Dropbox\VisualStudio\Chimera\Tmp\Chimerax64Debug\CL.5992.read.1.tlog
E:\Dropbox\VisualStudio\Chimera\Tmp\Chimerax64Debug\CL.5992.write.1.tlog
E:\Dropbox\VisualStudio\Chimera\Tmp\Chimerax64Debug\CL.5996.read.1.tlog
E:\Dropbox\VisualStudio\Chimera\Tmp\Chimerax64Debug\CL.5996.write.1.tlog
E:\Dropbox\VisualStudio\Chimera\Tmp\Chimerax64Debug\CL.6004.read.1.tlog
E:\Dropbox\VisualStudio\Chimera\Tmp\Chimerax64Debug\CL.6004.write.1.tlog
E:\Dropbox\VisualStudio\Chimera\Tmp\Chimerax64Debug\CL.6104.read.1.tlog
E:\Dropbox\VisualStudio\Chimera\Tmp\Chimerax64Debug\CL.6104.write.1.tlog
E:\Dropbox\VisualStudio\Chimera\Tmp\Chimerax64Debug\CL.6732.read.1.tlog
E:\Dropbox\VisualStudio\Chimera\Tmp\Chimerax64Debug\CL.6732.write.1.tlog
E:\Dropbox\VisualStudio\Chimera\Tmp\Chimerax64Debug\CL.7516.read.1.tlog
E:\Dropbox\VisualStudio\Chimera\Tmp\Chimerax64Debug\CL.7516.write.1.tlog
E:\Dropbox\VisualStudio\Chimera\Tmp\Chimerax64Debug\CL.7560.read.1.tlog
E:\Dropbox\VisualStudio\Chimera\Tmp\Chimerax64Debug\CL.7560.write.1.tlog
E:\Dropbox\VisualStudio\Chimera\Tmp\Chimerax64Debug\cl.command.1.tlog
E:\Dropbox\VisualStudio\Chimera\Tmp\Chimerax64Debug\CL.read.1.tlog
E:\Dropbox\VisualStudio\Chimera\Tmp\Chimerax64Debug\cl.write.1.tlog
E:\Dropbox\VisualStudio\Chimera\Tmp\Chimerax64Debug\link-cvtres.read.1.tlog
E:\Dropbox\VisualStudio\Chimera\Tmp\Chimerax64Debug\link-cvtres.write.1.tlog
E:\Dropbox\VisualStudio\Chimera\Tmp\Chimerax64Debug\link-rc.read.1.tlog
E:\Dropbox\VisualStudio\Chimera\Tmp\Chimerax64Debug\link-rc.write.1.tlog
E:\Dropbox\VisualStudio\Chimera\Tmp\Chimerax64Debug\link.2656-cvtres.read.1.tlog
E:\Dropbox\VisualStudio\Chimera\Tmp\Chimerax64Debug\link.2656-cvtres.write.1.tlog
E:\Dropbox\VisualStudio\Chimera\Tmp\Chimerax64Debug\link.2656-rc.read.1.tlog
E:\Dropbox\VisualStudio\Chimera\Tmp\Chimerax64Debug\link.2656-rc.write.1.tlog
E:\Dropbox\VisualStudio\Chimera\Tmp\Chimerax64Debug\link.2656.read.1.tlog
E:\Dropbox\VisualStudio\Chimera\Tmp\Chimerax64Debug\link.2656.read.2.tlog
E:\Dropbox\VisualStudio\Chimera\Tmp\Chimerax64Debug\link.2656.write.1.tlog
E:\Dropbox\VisualStudio\Chimera\Tmp\Chimerax64Debug\link.4416-cvtres.read.1.tlog
E:\Dropbox\VisualStudio\Chimera\Tmp\Chimerax64Debug\link.4416-cvtres.write.1.tlog
E:\Dropbox\VisualStudio\Chimera\Tmp\Chimerax64Debug\link.4416-rc.read.1.tlog
E:\Dropbox\VisualStudio\Chimera\Tmp\Chimerax64Debug\link.4416-rc.write.1.tlog
E:\Dropbox\VisualStudio\Chimera\Tmp\Chimerax64Debug\link.4416.read.1.tlog
E:\Dropbox\VisualStudio\Chimera\Tmp\Chimerax64Debug\link.4416.read.2.tlog
E:\Dropbox\VisualStudio\Chimera\Tmp\Chimerax64Debug\link.4416.write.1.tlog
E:\Dropbox\VisualStudio\Chimera\Tmp\Chimerax64Debug\link.command.1.tlog
E:\Dropbox\VisualStudio\Chimera\Tmp\Chimerax64Debug\link.read.1.tlog
E:\Dropbox\VisualStudio\Chimera\Tmp\Chimerax64Debug\link.read.2.tlog
E:\Dropbox\VisualStudio\Chimera\Tmp\Chimerax64Debug\link.write.1.tlog
E:\Dropbox\VisualStudio\Chimera\Tmp\Chimerax64Debug\rc.command.1.tlog
E:\Dropbox\VisualStudio\Chimera\Tmp\Chimerax64Debug\rc.read.1.tlog
E:\Dropbox\VisualStudio\Chimera\Tmp\Chimerax64Debug\rc.write.1.tlog
E:\Dropbox\VisualStudio\Chimera\Tmp\Chimerax64Debug\Chimera.res
E:\Dropbox\VisualStudio\Chimera\Tmp\Chimerax64Debug\Particles.cpp1.ii.res
E:\Dropbox\VisualStudio\Chimera\Tmp\Chimerax64Debug\Particles.cpp2.i.res
E:\Dropbox\VisualStudio\Chimera\Tmp\Chimerax64Debug\Particles.cpp3.i.res
E:\Dropbox\VisualStudio\Chimera\Tmp\Chimerax64Debug\vc110.pdb
E:\Dropbox\VisualStudio\Chimera\Source\..\Bin\x64Debug\Chimerax64Debug.pdb
E:\Dropbox\VisualStudio\Chimera\Source\..\Bin\x64Debug\Chimerax64Debug.exe
E:\Dropbox\VisualStudio\Chimera\Source\..\Bin\x64Debug\Chimerax64Debug.ilk
