Build started 27.08.2013 21:35:25.
     1>Project "E:\Dropbox\VisualStudio\Chimera\Source\Chimera.vcxproj" on node 2 (Build target(s)).
     1>InitializeBuildStatus:
         Creating "E:\Dropbox\VisualStudio\Chimera\Source\..\Tmp\Chimerax64Debug\Chimera.unsuccessfulbuild" because "AlwaysCreate" was specified.
       AddCudaCompileDeps:
       Skipping target "AddCudaCompileDeps" because all output files are up-to-date with respect to the input files.
       AddCudaCompilePropsDeps:
       Skipping target "AddCudaCompilePropsDeps" because all output files are up-to-date with respect to the input files.
       CudaBuild:
       Skipping target "CudaBuild" because all output files are up-to-date with respect to the input files.
       ClCompile:
         C:\Program Files (x86)\Microsoft Visual Studio 11.0\VC\bin\x86_amd64\CL.exe /c /I../Include /I./Source/Chimera /I../Include/physx/foundation /I../Include/physx/Source/foundation/include /I../Include/physx/physxprofilesdk /I../Include/physx/physxvisualdebuggersdk /I../Include/physx/common /I../Include/physx/geometry /I../Include/physx/pvd /I../Include/physx/particles /I../Include/physx/cooking /I../Include/physx/extensions /I../Include/physx/characterdynamic /I../Include/physx/vehicle /I../Include/physx/RepX /I../Include/physx/RepXUpgrader /I../Include/physx/Source/GeomUtils/headers /I"C:\Program Files\NVIDIA GPU Computing Toolkit\CUDA\v5.5\include" /Zi /nologo /W3 /WX- /MP /Od /D _UNICODE /D UNICODE /Gm- /EHsc /RTC1 /MDd /GS /fp:precise /Zc:wchar_t /Zc:forScope /Fo"E:\Dropbox\VisualStudio\Chimera\Source\..\Tmp\Chimerax64Debug\\" /Fd"E:\Dropbox\VisualStudio\Chimera\Source\..\Tmp\Chimerax64Debug\vc110.pdb" /Gd /TP /errorReport:prompt chimera\GameApp.cpp
         GameApp.cpp
       ResourceCompile:
         All outputs are up-to-date.
       Link:
         C:\Program Files (x86)\Microsoft Visual Studio 11.0\VC\bin\x86_amd64\link.exe /ERRORREPORT:PROMPT /OUT:"E:\Dropbox\VisualStudio\Chimera\Source\..\Bin\x64Debug\Chimerax64Debug.exe" /INCREMENTAL /NOLOGO /LIBPATH:../Lib /LIBPATH:"C:\Program Files (x86)\Windows Kits\8.0\Lib/win8/um/($Platform)" kernel32.lib user32.lib gdi32.lib winspool.lib comdlg32.lib advapi32.lib shell32.lib ole32.lib oleaut32.lib uuid.lib odbc32.lib odbccp32.lib /NODEFAULTLIB:LIBCMTD /NODEFAULTLIB:LIBCMT /NODEFAULTLIB:libcpmt /MANIFEST /MANIFESTUAC:"level='asInvoker' uiAccess='false'" /manifest:embed /DEBUG /PDB:"E:\Dropbox\VisualStudio\Chimera\Source\..\Bin\x64Debug\Chimerax64Debug.pdb" /TLBID:1 /DYNAMICBASE /NXCOMPAT /IMPLIB:"E:\Dropbox\VisualStudio\Chimera\Source\..\Bin\x64Debug\Chimerax64Debug.lib" /MACHINE:X64 E:\Dropbox\VisualStudio\Chimera\Source\..\Tmp\Chimerax64Debug\Chimera.res
         E:\Dropbox\VisualStudio\Chimera\Source\..\Tmp\Chimerax64Debug\Actor.obj
         E:\Dropbox\VisualStudio\Chimera\Source\..\Tmp\Chimerax64Debug\ActorFactory.obj
         E:\Dropbox\VisualStudio\Chimera\Source\..\Tmp\Chimerax64Debug\AIView.obj
         E:\Dropbox\VisualStudio\Chimera\Source\..\Tmp\Chimerax64Debug\AnchorNode.obj
         E:\Dropbox\VisualStudio\Chimera\Source\..\Tmp\Chimerax64Debug\AxisAlignedBB.obj
         E:\Dropbox\VisualStudio\Chimera\Source\..\Tmp\Chimerax64Debug\BasicApp.obj
         E:\Dropbox\VisualStudio\Chimera\Source\..\Tmp\Chimerax64Debug\ByteStream.obj
         E:\Dropbox\VisualStudio\Chimera\Source\..\Tmp\Chimerax64Debug\Camera.obj
         E:\Dropbox\VisualStudio\Chimera\Source\..\Tmp\Chimerax64Debug\CameraNode.obj
         E:\Dropbox\VisualStudio\Chimera\Source\..\Tmp\Chimerax64Debug\CameraTracking.obj
         E:\Dropbox\VisualStudio\Chimera\Source\..\Tmp\Chimerax64Debug\CascadedShadowMapper.obj
         E:\Dropbox\VisualStudio\Chimera\Source\..\Tmp\Chimerax64Debug\Commands.obj
         E:\Dropbox\VisualStudio\Chimera\Source\..\Tmp\Chimerax64Debug\Components.obj
         E:\Dropbox\VisualStudio\Chimera\Source\..\Tmp\Chimerax64Debug\Config.obj
         E:\Dropbox\VisualStudio\Chimera\Source\..\Tmp\Chimerax64Debug\ConstBuffer.obj
         E:\Dropbox\VisualStudio\Chimera\Source\..\Tmp\Chimerax64Debug\Controller.obj
         E:\Dropbox\VisualStudio\Chimera\Source\..\Tmp\Chimerax64Debug\Cudah.obj
         E:\Dropbox\VisualStudio\Chimera\Source\..\Tmp\Chimerax64Debug\CudaTransformationNode.obj
         E:\Dropbox\VisualStudio\Chimera\Source\..\Tmp\Chimerax64Debug\d3d.obj
         E:\Dropbox\VisualStudio\Chimera\Source\..\Tmp\Chimerax64Debug\D3DRenderer.obj
         E:\Dropbox\VisualStudio\Chimera\Source\..\Tmp\Chimerax64Debug\Effect.obj
         E:\Dropbox\VisualStudio\Chimera\Source\..\Tmp\Chimerax64Debug\Event.obj
         E:\Dropbox\VisualStudio\Chimera\Source\..\Tmp\Chimerax64Debug\EventManager.obj
         E:\Dropbox\VisualStudio\Chimera\Source\..\Tmp\Chimerax64Debug\FPSControler.obj
         E:\Dropbox\VisualStudio\Chimera\Source\..\Tmp\Chimerax64Debug\Frustum.obj
         E:\Dropbox\VisualStudio\Chimera\Source\..\Tmp\Chimerax64Debug\GameApp.obj
         E:\Dropbox\VisualStudio\Chimera\Source\..\Tmp\Chimerax64Debug\GameInputActions.obj
         E:\Dropbox\VisualStudio\Chimera\Source\..\Tmp\Chimerax64Debug\GameLogic.obj
         E:\Dropbox\VisualStudio\Chimera\Source\..\Tmp\Chimerax64Debug\GameView.obj
         E:\Dropbox\VisualStudio\Chimera\Source\..\Tmp\Chimerax64Debug\Geometry.obj
         E:\Dropbox\VisualStudio\Chimera\Source\..\Tmp\Chimerax64Debug\GeometryFactory.obj
         E:\Dropbox\VisualStudio\Chimera\Source\..\Tmp\Chimerax64Debug\GeometryNode.obj
         E:\Dropbox\VisualStudio\Chimera\Source\..\Tmp\Chimerax64Debug\GraphicsSettings.obj
         E:\Dropbox\VisualStudio\Chimera\Source\..\Tmp\Chimerax64Debug\GuiComponent.obj
         E:\Dropbox\VisualStudio\Chimera\Source\..\Tmp\Chimerax64Debug\Input.obj
         E:\Dropbox\VisualStudio\Chimera\Source\..\Tmp\Chimerax64Debug\InstancedMeshNode.obj
         E:\Dropbox\VisualStudio\Chimera\Source\..\Tmp\Chimerax64Debug\Level.obj
         E:\Dropbox\VisualStudio\Chimera\Source\..\Tmp\Chimerax64Debug\LevelManager.obj
         E:\Dropbox\VisualStudio\Chimera\Source\..\Tmp\Chimerax64Debug\LoaderImp.obj
         E:\Dropbox\VisualStudio\Chimera\Source\..\Tmp\Chimerax64Debug\Logger.obj
         E:\Dropbox\VisualStudio\Chimera\Source\..\Tmp\Chimerax64Debug\LuaHelper.obj
         E:\Dropbox\VisualStudio\Chimera\Source\..\Tmp\Chimerax64Debug\Main.obj
         E:\Dropbox\VisualStudio\Chimera\Source\..\Tmp\Chimerax64Debug\Material.obj
         E:\Dropbox\VisualStudio\Chimera\Source\..\Tmp\Chimerax64Debug\MatVec.obj
         E:\Dropbox\VisualStudio\Chimera\Source\..\Tmp\Chimerax64Debug\Maze.obj
         E:\Dropbox\VisualStudio\Chimera\Source\..\Tmp\Chimerax64Debug\Mesh.obj
         E:\Dropbox\VisualStudio\Chimera\Source\..\Tmp\Chimerax64Debug\MeshNode.obj
         E:\Dropbox\VisualStudio\Chimera\Source\..\Tmp\Chimerax64Debug\Modifier.obj
         E:\Dropbox\VisualStudio\Chimera\Source\..\Tmp\Chimerax64Debug\Packman.obj
         E:\Dropbox\VisualStudio\Chimera\Source\..\Tmp\Chimerax64Debug\PackmanLogic.obj
         E:\Dropbox\VisualStudio\Chimera\Source\..\Tmp\Chimerax64Debug\ParticleManager.obj
         E:\Dropbox\VisualStudio\Chimera\Source\..\Tmp\Chimerax64Debug\ParticleNode.obj
         E:\Dropbox\VisualStudio\Chimera\Source\..\Tmp\Chimerax64Debug\ParticleSystem.obj
         E:\Dropbox\VisualStudio\Chimera\Source\..\Tmp\Chimerax64Debug\PhysicsSystem.obj
         E:\Dropbox\VisualStudio\Chimera\Source\..\Tmp\Chimerax64Debug\Picker.obj
         E:\Dropbox\VisualStudio\Chimera\Source\..\Tmp\Chimerax64Debug\PointlightNode.obj
         E:\Dropbox\VisualStudio\Chimera\Source\..\Tmp\Chimerax64Debug\Process.obj
         E:\Dropbox\VisualStudio\Chimera\Source\..\Tmp\Chimerax64Debug\ProcessManager.obj
         E:\Dropbox\VisualStudio\Chimera\Source\..\Tmp\Chimerax64Debug\Profiling.obj
         E:\Dropbox\VisualStudio\Chimera\Source\..\Tmp\Chimerax64Debug\RenderTarget.obj
         E:\Dropbox\VisualStudio\Chimera\Source\..\Tmp\Chimerax64Debug\Resources.obj
         E:\Dropbox\VisualStudio\Chimera\Source\..\Tmp\Chimerax64Debug\SceneGraph.obj
         E:\Dropbox\VisualStudio\Chimera\Source\..\Tmp\Chimerax64Debug\SceneNode.obj
         E:\Dropbox\VisualStudio\Chimera\Source\..\Tmp\Chimerax64Debug\Scheduler.obj
         E:\Dropbox\VisualStudio\Chimera\Source\..\Tmp\Chimerax64Debug\ScreenElement.obj
         E:\Dropbox\VisualStudio\Chimera\Source\..\Tmp\Chimerax64Debug\Script.obj
         E:\Dropbox\VisualStudio\Chimera\Source\..\Tmp\Chimerax64Debug\ScriptEvent.obj
         E:\Dropbox\VisualStudio\Chimera\Source\..\Tmp\Chimerax64Debug\ShaderProgram.obj
         E:\Dropbox\VisualStudio\Chimera\Source\..\Tmp\Chimerax64Debug\SkyDomeNode.obj
         E:\Dropbox\VisualStudio\Chimera\Source\..\Tmp\Chimerax64Debug\Sound.obj
         E:\Dropbox\VisualStudio\Chimera\Source\..\Tmp\Chimerax64Debug\SoundEngine.obj
         E:\Dropbox\VisualStudio\Chimera\Source\..\Tmp\Chimerax64Debug\SoundProcess.obj
         E:\Dropbox\VisualStudio\Chimera\Source\..\Tmp\Chimerax64Debug\Spline.obj
         E:\Dropbox\VisualStudio\Chimera\Source\..\Tmp\Chimerax64Debug\SpotlightNode.obj
         E:\Dropbox\VisualStudio\Chimera\Source\..\Tmp\Chimerax64Debug\tbdFont.obj
         E:\Dropbox\VisualStudio\Chimera\Source\..\Tmp\Chimerax64Debug\tbdStack.obj
         E:\Dropbox\VisualStudio\Chimera\Source\..\Tmp\Chimerax64Debug\Texture.obj
         E:\Dropbox\VisualStudio\Chimera\Source\..\Tmp\Chimerax64Debug\Thread.obj
         E:\Dropbox\VisualStudio\Chimera\Source\..\Tmp\Chimerax64Debug\Timer.obj
         E:\Dropbox\VisualStudio\Chimera\Source\..\Tmp\Chimerax64Debug\tinyxml2.obj
         E:\Dropbox\VisualStudio\Chimera\Source\..\Tmp\Chimerax64Debug\util.obj
         E:\Dropbox\VisualStudio\Chimera\Source\..\Tmp\Chimerax64Debug\VRamManager.obj
         Chimera.vcxproj -> E:\Dropbox\VisualStudio\Chimera\Source\..\Bin\x64Debug\Chimerax64Debug.exe
       FinalizeBuildStatus:
         Deleting file "E:\Dropbox\VisualStudio\Chimera\Source\..\Tmp\Chimerax64Debug\Chimera.unsuccessfulbuild".
         Touching "E:\Dropbox\VisualStudio\Chimera\Source\..\Tmp\Chimerax64Debug\Chimera.lastbuildstate".
     1>Done Building Project "E:\Dropbox\VisualStudio\Chimera\Source\Chimera.vcxproj" (Build target(s)).

Build succeeded.

Time Elapsed 00:00:14.85
