E:\DROPBOX\VISUAL STUDIO\CHIMERA\BIN\X64RELEASE\CHIMERAX64RELEASE.EXE
E:\DROPBOX\VISUAL STUDIO\CHIMERA\BIN\X64RELEASE\CHIMERAX64RELEASE.PDB
E:\Dropbox\Visual Studio\Chimera\Source\..\Bin\x64Release\Chimerax64Release.exe
E:\Dropbox\Visual Studio\Chimera\Source\..\Bin\x64Release\Chimerax64Release.pdb
E:\Dropbox\Visual Studio\Chimera\Tmp\Chimerax64Release\Actor.obj
E:\Dropbox\Visual Studio\Chimera\Tmp\Chimerax64Release\ActorFactory.obj
E:\Dropbox\Visual Studio\Chimera\Tmp\Chimerax64Release\AIView.obj
E:\Dropbox\Visual Studio\Chimera\Tmp\Chimerax64Release\AnchorNode.obj
E:\Dropbox\Visual Studio\Chimera\Tmp\Chimerax64Release\AxisAlignedBB.obj
E:\Dropbox\Visual Studio\Chimera\Tmp\Chimerax64Release\BasicApp.obj
E:\Dropbox\Visual Studio\Chimera\Tmp\Chimerax64Release\ByteStream.obj
E:\Dropbox\Visual Studio\Chimera\Tmp\Chimerax64Release\Camera.obj
E:\Dropbox\Visual Studio\Chimera\Tmp\Chimerax64Release\CameraDebugNode.obj
E:\Dropbox\Visual Studio\Chimera\Tmp\Chimerax64Release\CameraTracking.obj
E:\Dropbox\Visual Studio\Chimera\Tmp\Chimerax64Release\CascadedShadowMapper.obj
E:\DROPBOX\VISUAL STUDIO\CHIMERA\TMP\CHIMERAX64RELEASE\CHIMERAX64RELEASE.EXE.INTERMEDIATE.MANIFEST
E:\Dropbox\Visual Studio\Chimera\Tmp\Chimerax64Release\CL.4224.read.1.tlog
E:\Dropbox\Visual Studio\Chimera\Tmp\Chimerax64Release\CL.4224.write.1.tlog
E:\Dropbox\Visual Studio\Chimera\Tmp\Chimerax64Release\CL.4292.read.1.tlog
E:\Dropbox\Visual Studio\Chimera\Tmp\Chimerax64Release\CL.4292.write.1.tlog
E:\Dropbox\Visual Studio\Chimera\Tmp\Chimerax64Release\CL.5268.read.1.tlog
E:\Dropbox\Visual Studio\Chimera\Tmp\Chimerax64Release\CL.5268.write.1.tlog
E:\Dropbox\Visual Studio\Chimera\Tmp\Chimerax64Release\CL.5804.read.1.tlog
E:\Dropbox\Visual Studio\Chimera\Tmp\Chimerax64Release\CL.5804.write.1.tlog
E:\Dropbox\Visual Studio\Chimera\Tmp\Chimerax64Release\cl.command.1.tlog
E:\Dropbox\Visual Studio\Chimera\Tmp\Chimerax64Release\CL.read.1.tlog
E:\Dropbox\Visual Studio\Chimera\Tmp\Chimerax64Release\cl.write.1.tlog
E:\Dropbox\Visual Studio\Chimera\Tmp\Chimerax64Release\Commands.obj
E:\Dropbox\Visual Studio\Chimera\Tmp\Chimerax64Release\Components.obj
E:\Dropbox\Visual Studio\Chimera\Tmp\Chimerax64Release\Config.obj
E:\Dropbox\Visual Studio\Chimera\Tmp\Chimerax64Release\ConstBuffer.obj
E:\Dropbox\Visual Studio\Chimera\Tmp\Chimerax64Release\Controller.obj
E:\Dropbox\Visual Studio\Chimera\Tmp\Chimerax64Release\Cudah.obj
E:\Dropbox\Visual Studio\Chimera\Tmp\Chimerax64Release\CudaTransformationNode.obj
E:\Dropbox\Visual Studio\Chimera\Tmp\Chimerax64Release\d3d.obj
E:\Dropbox\Visual Studio\Chimera\Tmp\Chimerax64Release\D3DRenderer.obj
E:\Dropbox\Visual Studio\Chimera\Tmp\Chimerax64Release\Effect.obj
E:\Dropbox\Visual Studio\Chimera\Tmp\Chimerax64Release\Event.obj
E:\Dropbox\Visual Studio\Chimera\Tmp\Chimerax64Release\EventManager.obj
E:\Dropbox\Visual Studio\Chimera\Tmp\Chimerax64Release\FPSControler.obj
E:\Dropbox\Visual Studio\Chimera\Tmp\Chimerax64Release\Frustum.obj
E:\Dropbox\Visual Studio\Chimera\Tmp\Chimerax64Release\GameApp.obj
E:\Dropbox\Visual Studio\Chimera\Tmp\Chimerax64Release\GameInputActions.obj
E:\Dropbox\Visual Studio\Chimera\Tmp\Chimerax64Release\GameLogic.obj
E:\Dropbox\Visual Studio\Chimera\Tmp\Chimerax64Release\GameView.obj
E:\Dropbox\Visual Studio\Chimera\Tmp\Chimerax64Release\Geometry.obj
E:\Dropbox\Visual Studio\Chimera\Tmp\Chimerax64Release\GeometryFactory.obj
E:\Dropbox\Visual Studio\Chimera\Tmp\Chimerax64Release\GeometryNode.obj
E:\Dropbox\Visual Studio\Chimera\Tmp\Chimerax64Release\GraphicsSettings.obj
E:\Dropbox\Visual Studio\Chimera\Tmp\Chimerax64Release\GuiComponent.obj
E:\Dropbox\Visual Studio\Chimera\Tmp\Chimerax64Release\Input.obj
E:\Dropbox\Visual Studio\Chimera\Tmp\Chimerax64Release\InstancedMeshNode.obj
E:\Dropbox\Visual Studio\Chimera\Tmp\Chimerax64Release\Level.obj
E:\Dropbox\Visual Studio\Chimera\Tmp\Chimerax64Release\link.command.1.tlog
E:\Dropbox\Visual Studio\Chimera\Tmp\Chimerax64Release\link.read.1.tlog
E:\Dropbox\Visual Studio\Chimera\Tmp\Chimerax64Release\link.write.1.tlog
E:\Dropbox\Visual Studio\Chimera\Tmp\Chimerax64Release\LoaderImp.obj
E:\Dropbox\Visual Studio\Chimera\Tmp\Chimerax64Release\Logger.obj
E:\Dropbox\Visual Studio\Chimera\Tmp\Chimerax64Release\LuaHelper.obj
E:\Dropbox\Visual Studio\Chimera\Tmp\Chimerax64Release\Main.obj
E:\Dropbox\Visual Studio\Chimera\Tmp\Chimerax64Release\Material.obj
E:\Dropbox\Visual Studio\Chimera\Tmp\Chimerax64Release\MatVec.obj
E:\Dropbox\Visual Studio\Chimera\Tmp\Chimerax64Release\Maze.obj
E:\Dropbox\Visual Studio\Chimera\Tmp\Chimerax64Release\Mesh.obj
E:\Dropbox\Visual Studio\Chimera\Tmp\Chimerax64Release\MeshNode.obj
E:\Dropbox\Visual Studio\Chimera\Tmp\Chimerax64Release\Modifier.obj
E:\Dropbox\Visual Studio\Chimera\Tmp\Chimerax64Release\mt.command.1.tlog
E:\Dropbox\Visual Studio\Chimera\Tmp\Chimerax64Release\mt.read.1.tlog
E:\Dropbox\Visual Studio\Chimera\Tmp\Chimerax64Release\mt.write.1.tlog
E:\Dropbox\Visual Studio\Chimera\Tmp\Chimerax64Release\Packman.obj
E:\Dropbox\Visual Studio\Chimera\Tmp\Chimerax64Release\PackmanLogic.obj
E:\Dropbox\Visual Studio\Chimera\Tmp\Chimerax64Release\ParticleManager.obj
E:\Dropbox\Visual Studio\Chimera\Tmp\Chimerax64Release\ParticleNode.obj
E:\Dropbox\Visual Studio\Chimera\Tmp\Chimerax64Release\Particles.cu.cache
E:\Dropbox\Visual Studio\Chimera\Tmp\Chimerax64Release\ParticleSystem.obj
E:\Dropbox\Visual Studio\Chimera\Tmp\Chimerax64Release\PhysicsSystem.obj
E:\Dropbox\Visual Studio\Chimera\Tmp\Chimerax64Release\Picker.obj
E:\Dropbox\Visual Studio\Chimera\Tmp\Chimerax64Release\PointLightNode.obj
E:\Dropbox\Visual Studio\Chimera\Tmp\Chimerax64Release\Process.obj
E:\Dropbox\Visual Studio\Chimera\Tmp\Chimerax64Release\ProcessManager.obj
E:\Dropbox\Visual Studio\Chimera\Tmp\Chimerax64Release\Profiling.obj
E:\Dropbox\Visual Studio\Chimera\Tmp\Chimerax64Release\RenderTarget.obj
E:\Dropbox\Visual Studio\Chimera\Tmp\Chimerax64Release\Resources.obj
E:\Dropbox\Visual Studio\Chimera\Tmp\Chimerax64Release\SceneGraph.obj
E:\Dropbox\Visual Studio\Chimera\Tmp\Chimerax64Release\SceneNode.obj
E:\Dropbox\Visual Studio\Chimera\Tmp\Chimerax64Release\Scheduler.obj
E:\Dropbox\Visual Studio\Chimera\Tmp\Chimerax64Release\ScreenElement.obj
E:\Dropbox\Visual Studio\Chimera\Tmp\Chimerax64Release\Script.obj
E:\Dropbox\Visual Studio\Chimera\Tmp\Chimerax64Release\ScriptEvent.obj
E:\Dropbox\Visual Studio\Chimera\Tmp\Chimerax64Release\ShaderProgram.obj
E:\Dropbox\Visual Studio\Chimera\Tmp\Chimerax64Release\SkyDomeNode.obj
E:\Dropbox\Visual Studio\Chimera\Tmp\Chimerax64Release\Sound.obj
E:\Dropbox\Visual Studio\Chimera\Tmp\Chimerax64Release\SoundEngine.obj
E:\Dropbox\Visual Studio\Chimera\Tmp\Chimerax64Release\SoundProcess.obj
E:\Dropbox\Visual Studio\Chimera\Tmp\Chimerax64Release\Spline.obj
E:\Dropbox\Visual Studio\Chimera\Tmp\Chimerax64Release\tbdFont.obj
E:\Dropbox\Visual Studio\Chimera\Tmp\Chimerax64Release\tbdStack.obj
E:\Dropbox\Visual Studio\Chimera\Tmp\Chimerax64Release\Texture.obj
E:\Dropbox\Visual Studio\Chimera\Tmp\Chimerax64Release\Thread.obj
E:\Dropbox\Visual Studio\Chimera\Tmp\Chimerax64Release\Timer.obj
E:\Dropbox\Visual Studio\Chimera\Tmp\Chimerax64Release\tinyxml2.obj
E:\Dropbox\Visual Studio\Chimera\Tmp\Chimerax64Release\util.obj
E:\DROPBOX\VISUAL STUDIO\CHIMERA\TMP\CHIMERAX64RELEASE\VC100.PDB
E:\Dropbox\Visual Studio\Chimera\Tmp\Chimerax64Release\VRamManager.obj
