log.log, 07/29/13
[ERROR] D3D Error: -2147024809
        Function: d3d::RenderTarget::OnRestore
        File: chimera\RenderTarget.cpp
        Line: 90
[ERROR] D3D Error: -2147024809
        Function: d3d::RenderTarget::OnRestore
        File: chimera\RenderTarget.cpp
        Line: 102
[ERROR] D3D Error: -2147024809
        Function: d3d::RenderTarget::OnRestore
        File: chimera\RenderTarget.cpp
        Line: 112
[ERROR] D3D Error: -2147024809
        Function: d3d::RenderTarget::OnRestore
        File: chimera\RenderTarget.cpp
        Line: 131
[ERROR] D3D Error: -2147024809
        Function: d3d::RenderTarget::OnRestore
        File: chimera\RenderTarget.cpp
        Line: 139
[ERROR] D3D Error: -2147024809
        Function: d3d::RenderTarget::OnRestore
        File: chimera\RenderTarget.cpp
        Line: 90
[ERROR] D3D Error: -2147024809
        Function: d3d::RenderTarget::OnRestore
        File: chimera\RenderTarget.cpp
        Line: 102
[ERROR] D3D Error: -2147024809
        Function: d3d::RenderTarget::OnRestore
        File: chimera\RenderTarget.cpp
        Line: 112
[ERROR] D3D Error: -2147024809
        Function: d3d::RenderTarget::OnRestore
        File: chimera\RenderTarget.cpp
        Line: 131
[ERROR] D3D Error: -2147024809
        Function: d3d::RenderTarget::OnRestore
        File: chimera\RenderTarget.cpp
        Line: 139
[ERROR] D3D Error: -2147024809
        Function: d3d::RenderTarget::OnRestore
        File: chimera\RenderTarget.cpp
        Line: 90
[ERROR] D3D Error: -2147024809
        Function: d3d::RenderTarget::OnRestore
        File: chimera\RenderTarget.cpp
        Line: 102
[ERROR] D3D Error: -2147024809
        Function: d3d::RenderTarget::OnRestore
        File: chimera\RenderTarget.cpp
        Line: 112
[ERROR] D3D Error: -2147024809
        Function: d3d::RenderTarget::OnRestore
        File: chimera\RenderTarget.cpp
        Line: 131
[ERROR] D3D Error: -2147024809
        Function: d3d::RenderTarget::OnRestore
        File: chimera\RenderTarget.cpp
        Line: 139
